[2025-09-01 17:14:32.207] [info]  [Main] [Main] +++ Starting +++
[2025-09-01 17:14:33.379] [info]  [AppComponent] [ngOnInit] +++ Started Dopamine 3.0.0-preview.37 +++
[2025-09-01 17:14:33.421] [info]  [AppearanceService] [applyTheme] Applied theme name=Dopamine' and theme classes='default-theme-dark'
[2025-09-01 17:14:33.433] [info]  [QueuePersister] [restore] Restoring queue
[2025-09-01 17:14:33.444] [error] [QueuePersister] [restore]  Failed to restore queue. Error: no such table: QueuedTrack
[2025-09-01 17:14:33.445] [info]  [Queue] [restoreTracks] Restored '0' tracks
[2025-09-01 17:14:33.447] [info]  [DatabaseMigrator] [migrateAsync] Database is too old (v0). Applying migrations.
[2025-09-01 17:14:33.448] [info]  [DatabaseMigrator] [getMigrationsAsync] Found migrations: Migration1,Migration2,Migration3,Migration4,Migration5,Migration6
[2025-09-01 17:14:33.449] [info]  [DatabaseMigrator] [migrateAsync] Applying migration Migration1
[2025-09-01 17:14:33.457] [info]  [DatabaseMigrator] [migrateAsync] Migration Migration1 success
[2025-09-01 17:14:33.458] [info]  [DatabaseMigrator] [migrateAsync] Applying migration Migration2
[2025-09-01 17:14:33.464] [info]  [DatabaseMigrator] [migrateAsync] Migration Migration2 success
[2025-09-01 17:14:33.465] [info]  [DatabaseMigrator] [migrateAsync] Applying migration Migration3
[2025-09-01 17:14:33.471] [info]  [DatabaseMigrator] [migrateAsync] Migration Migration3 success
[2025-09-01 17:14:33.471] [info]  [DatabaseMigrator] [migrateAsync] Applying migration Migration4
[2025-09-01 17:14:33.478] [info]  [DatabaseMigrator] [migrateAsync] Migration Migration4 success
[2025-09-01 17:14:33.479] [info]  [DatabaseMigrator] [migrateAsync] Applying migration Migration5
[2025-09-01 17:14:33.485] [info]  [DatabaseMigrator] [migrateAsync] Migration Migration5 success
[2025-09-01 17:14:33.486] [info]  [DatabaseMigrator] [migrateAsync] Applying migration Migration6
[2025-09-01 17:14:33.492] [info]  [DatabaseMigrator] [migrateAsync] Migration Migration6 success
[2025-09-01 17:14:54.033] [info]  [FolderService] [addNewFolderAsync] Added folder with path '/home/talona/Músicas'
[2025-09-01 17:14:59.466] [info]  [DatabaseMigrator] [migrateAsync] The database is up to date. No migrations to perform.
[2025-09-01 17:14:59.470] [info]  [FileService] [getAllParameters] Parameters: /opt/Dopamine/dopamine
[2025-09-01 17:14:59.471] [info]  [FileService] [getAllParameters] File queue: 
[2025-09-01 17:14:59.471] [info]  [FileService] [hasPlayableFilesAsGivenParameters] Found parameters: /opt/Dopamine/dopamine
[2025-09-01 17:14:59.514] [info]  [ArtistSorter] [sortAscending] Finished sorting artists ascending. Time required: 7 ms
[2025-09-01 17:14:59.515] [info]  [ArtistBrowserComponent] [orderArtists] Finished ordering artists. Time required: 9 ms
[2025-09-01 17:14:59.517] [info]  [TrackSorter] [sortByTitleAscending] Finished sorting tracks by title ascending. Time required: 0 ms
[2025-09-01 17:14:59.518] [info]  [TrackBrowserComponent] [orderTracks] Finished ordering tracks. Time required: 2 ms
[2025-09-01 17:14:59.519] [info]  [TrackSorter] [sortByAlbum] Finished sorting tracks by album. Time required: 0 ms
[2025-09-01 17:14:59.520] [info]  [TrackBrowserComponent] [orderTracks] Finished ordering tracks. Time required: 1 ms
[2025-09-01 17:15:00.057] [info]  [ArtistService] [getArtists] Finished getting artists. Time required: 1 ms
[2025-09-01 17:15:00.058] [info]  [ArtistService] [getArtists] Finished splitting artists. Time required: 0 ms
[2025-09-01 17:15:00.059] [info]  [ArtistSorter] [sortAscending] Finished sorting artists ascending. Time required: 0 ms
[2025-09-01 17:15:00.060] [info]  [ArtistBrowserComponent] [orderArtists] Finished ordering artists. Time required: 1 ms
[2025-09-01 17:15:00.112] [info]  [AlbumService] [getAllAlbums] Finished getting all albums. Time required: 2 ms
[2025-09-01 17:15:00.164] [info]  [TrackService] [getVisibleTracks] Finished getting visible tracks. Time required: 1 ms
[2025-09-01 17:15:00.165] [info]  [TrackSorter] [sortByAlbum] Finished sorting tracks by album. Time required: 0 ms
[2025-09-01 17:15:00.166] [info]  [TrackBrowserComponent] [orderTracks] Finished ordering tracks. Time required: 1 ms
[2025-09-01 17:15:01.489] [info]  [IndexingService] [indexCollection] Indexing collection.
[2025-09-01 17:15:01.490] [info]  [UpdateService] [checkForUpdatesAsync] Checking for updates
[2025-09-01 17:15:01.700] [info]  [Indexer] [indexCollectionIfOutdatedAsync] Indexing collection.
[2025-09-01 17:15:01.897] [info]  [UpdateService] [checkForUpdatesAsync] Current=3.0.0-preview.37, Latest=3.0.0-preview.39-fix-776
[2025-09-01 17:15:01.898] [info]  [UpdateService] [checkForUpdatesAsync] Latest (3.0.0-preview.39-fix-776) > Current (3.0.0-preview.37). Notifying user.
[2025-09-01 17:15:01.946] [info]  [CollectionChecker] [isCollectionOutdatedAsync] Collection is outdated: tracksNeedIndexing=false, numberOfTracksHasChanged=true, lastDateModifiedHasChanged=true
[2025-09-01 17:15:01.946] [info]  [Indexer] [indexCollectionIfOutdatedAsync] Collection is outdated.
[2025-09-01 17:15:01.947] [info]  [TrackIndexer] [indexTracksAsync] +++ STARTED INDEXING TRACKS +++
[2025-09-01 17:15:01.948] [info]  [TrackRemover] [removeTracksThatDoNoNotBelongToFoldersAsync] There are no tracks to remove. Time required: 0 ms
[2025-09-01 17:15:01.949] [info]  [TrackRemover] [removeTracksThatAreNotFoundOnDiskAsync] Found 0 tracks.
[2025-09-01 17:15:01.949] [info]  [TrackRemover] [removeTracksThatAreNotFoundOnDiskAsync] Removed 0 tracks. Time required: 1 ms
[2025-09-01 17:15:01.950] [info]  [TrackRemover] [removeFolderTracksForInexistingTracksAsync] There are no folder tracks to remove. Time required: 1 ms
[2025-09-01 17:15:01.950] [info]  [TrackUpdater] [updateTracksThatAreOutOfDateAsync] Updated tracks: 0. Time required: 0 ms
[2025-09-01 17:15:02.202] [info]  [TrackAdder] [addTracksThatAreNotInTheDatabaseAsync] Processed 1 tracks
[2025-09-01 17:15:09.020] [info]  [QueuePersister] [save] Saving queue
[2025-09-01 17:15:09.028] [info]  [QueuePersister] [save] Saved queue of 0 tracks
